================
start address: 0
end address: 12
end statement type: conditional
jump target: 65
falls to: 13
PUSH1 0x60 
PUSH1 0x40 
MSTORE 
PUSH1 0x04 
CALLDATASIZE 
LT 
PUSH2 0x0041 
JUMPI 
================
start address: 65
end address: 69
end statement type: terminal
jump target: 0
JUMPDEST 
PUSH1 0x00 
DUP1 
REVERT 
================
start address: 198
end address: 211
end statement type: terminal
jump target: 0
JUMPDEST 
POP 
SWAP3 
POP 
POP 
POP 
PUSH1 0x40 
MLOAD 
DUP1 
SWAP2 
SUB 
SWAP1 
RETURN 
================
start address: 70
end address: 76
end statement type: conditional
jump target: 81
falls to: 77
JUMPDEST 
CALLVALUE 
ISZERO 
PUSH2 0x0051 
JUMPI 
================
start address: 135
end address: 152
end statement type: unconditional
jump target: 126
DUP1 
DUP3 
ADD 
MLOAD 
DUP2 
DUP5 
ADD 
MSTORE 
PUSH1 0x20 
DUP2 
ADD 
SWAP1 
POP 
PUSH2 0x007e 
JUMP 
================
start address: 299
end address: 299
end statement type: terminal
jump target: 0
STOP 
================
start address: 89
end address: 124
end statement type: falls_to
jump target: 0
falls to: 126
JUMPDEST 
PUSH1 0x40 
MLOAD 
DUP1 
DUP1 
PUSH1 0x20 
ADD 
DUP3 
DUP2 
SUB 
DUP3 
MSTORE 
DUP4 
DUP2 
DUP2 
MLOAD 
DUP2 
MSTORE 
PUSH1 0x20 
ADD 
SWAP2 
POP 
DUP1 
MLOAD 
SWAP1 
PUSH1 0x20 
ADD 
SWAP1 
DUP1 
DUP4 
DUP4 
PUSH1 0x00 
================
start address: 13
end address: 64
end statement type: conditional
jump target: 70
falls to: 65
PUSH1 0x00 
CALLDATALOAD 
PUSH29 0x0100000000000000000000000000000000000000000000000000000000 
SWAP1 
DIV 
PUSH4 0xffffffff 
AND 
DUP1 
PUSH4 0x942ae0a7 
EQ 
PUSH2 0x0046 
JUMPI 
================
start address: 77
end address: 80
end statement type: terminal
jump target: 0
PUSH1 0x00 
DUP1 
REVERT 
================
start address: 81
end address: 88
end statement type: unconditional
jump target: 212
JUMPDEST 
PUSH2 0x0059 
PUSH2 0x00d4 
JUMP 
================
start address: 212
end address: 219
end statement type: unconditional
jump target: 279
JUMPDEST 
PUSH2 0x00dc 
PUSH2 0x0117 
JUMP 
================
start address: 173
end address: 197
end statement type: falls_to
jump target: 0
falls to: 198
DUP1 
DUP3 
SUB 
DUP1 
MLOAD 
PUSH1 0x01 
DUP4 
PUSH1 0x20 
SUB 
PUSH2 0x0100 
EXP 
SUB 
NOT 
AND 
DUP2 
MSTORE 
PUSH1 0x20 
ADD 
SWAP2 
POP 
================
start address: 279
end address: 298
end statement type: unconditional
jump target: 220
JUMPDEST 
PUSH1 0x20 
PUSH1 0x40 
MLOAD 
SWAP1 
DUP2 
ADD 
PUSH1 0x40 
MSTORE 
DUP1 
PUSH1 0x00 
DUP2 
MSTORE 
POP 
SWAP1 
JUMP 
================
start address: 153
end address: 172
end statement type: conditional
jump target: 198
falls to: 173
JUMPDEST 
POP 
POP 
POP 
POP 
SWAP1 
POP 
SWAP1 
DUP2 
ADD 
SWAP1 
PUSH1 0x1f 
AND 
DUP1 
ISZERO 
PUSH2 0x00c6 
JUMPI 
================
start address: 220
end address: 278
end statement type: unconditional
jump target: 89
JUMPDEST 
PUSH1 0x40 
DUP1 
MLOAD 
SWAP1 
DUP2 
ADD 
PUSH1 0x40 
MSTORE 
DUP1 
PUSH1 0x01 
DUP2 
MSTORE 
PUSH1 0x20 
ADD 
PUSH32 0x6800000000000000000000000000000000000000000000000000000000000000 
DUP2 
MSTORE 
POP 
SWAP1 
POP 
SWAP1 
JUMP 
================
start address: 126
end address: 134
end statement type: conditional
jump target: 153
falls to: 135
JUMPDEST 
DUP4 
DUP2 
LT 
ISZERO 
PUSH2 0x0099 
JUMPI 
