================
start address: 0
end address: 12
end statement type: conditional
jump target: 76
falls to: 13
PUSH1 0x60 
PUSH1 0x40 
MSTORE 
PUSH1 0x04 
CALLDATASIZE 
LT 
PUSH2 0x004c 
JUMPI 
================
start address: 519
end address: 519
end statement type: terminal
jump target: 0
STOP 
================
start address: 137
end address: 145
end statement type: conditional
jump target: 164
falls to: 146
JUMPDEST 
DUP4 
DUP2 
LT 
ISZERO 
PUSH2 0x00a4 
JUMPI 
================
start address: 13
end address: 64
end statement type: conditional
jump target: 81
falls to: 65
PUSH1 0x00 
CALLDATALOAD 
PUSH29 0x0100000000000000000000000000000000000000000000000000000000 
SWAP1 
DIV 
PUSH4 0xffffffff 
AND 
DUP1 
PUSH4 0x394a2493 
EQ 
PUSH2 0x0051 
JUMPI 
================
start address: 146
end address: 163
end statement type: unconditional
jump target: 137
DUP1 
DUP3 
ADD 
MLOAD 
DUP2 
DUP5 
ADD 
MSTORE 
PUSH1 0x20 
DUP2 
ADD 
SWAP1 
POP 
PUSH2 0x0089 
JUMP 
================
start address: 279
end address: 287
end statement type: conditional
jump target: 306
falls to: 288
JUMPDEST 
DUP4 
DUP2 
LT 
ISZERO 
PUSH2 0x0132 
JUMPI 
================
start address: 288
end address: 305
end statement type: unconditional
jump target: 279
DUP1 
DUP3 
ADD 
MLOAD 
DUP2 
DUP5 
ADD 
MSTORE 
PUSH1 0x20 
DUP2 
ADD 
SWAP1 
POP 
PUSH2 0x0117 
JUMP 
================
start address: 440
end address: 498
end statement type: unconditional
jump target: 242
JUMPDEST 
PUSH1 0x40 
DUP1 
MLOAD 
SWAP1 
DUP2 
ADD 
PUSH1 0x40 
MSTORE 
DUP1 
PUSH1 0x01 
DUP2 
MSTORE 
PUSH1 0x20 
ADD 
PUSH32 0x6800000000000000000000000000000000000000000000000000000000000000 
DUP2 
MSTORE 
POP 
SWAP1 
POP 
SWAP1 
JUMP 
================
start address: 164
end address: 183
end statement type: conditional
jump target: 209
falls to: 184
JUMPDEST 
POP 
POP 
POP 
POP 
SWAP1 
POP 
SWAP1 
DUP2 
ADD 
SWAP1 
PUSH1 0x1f 
AND 
DUP1 
ISZERO 
PUSH2 0x00d1 
JUMPI 
================
start address: 432
end address: 439
end statement type: unconditional
jump target: 499
JUMPDEST 
PUSH2 0x01b8 
PUSH2 0x01f3 
JUMP 
================
start address: 306
end address: 325
end statement type: conditional
jump target: 351
falls to: 326
JUMPDEST 
POP 
POP 
POP 
POP 
SWAP1 
POP 
SWAP1 
DUP2 
ADD 
SWAP1 
PUSH1 0x1f 
AND 
DUP1 
ISZERO 
PUSH2 0x015f 
JUMPI 
================
start address: 184
end address: 208
end statement type: falls_to
jump target: 0
falls to: 209
DUP1 
DUP3 
SUB 
DUP1 
MLOAD 
PUSH1 0x01 
DUP4 
PUSH1 0x20 
SUB 
PUSH2 0x0100 
EXP 
SUB 
NOT 
AND 
DUP2 
MSTORE 
PUSH1 0x20 
ADD 
SWAP2 
POP 
================
start address: 223
end address: 229
end statement type: conditional
jump target: 234
falls to: 230
JUMPDEST 
CALLVALUE 
ISZERO 
PUSH2 0x00ea 
JUMPI 
================
start address: 65
end address: 75
end statement type: conditional
jump target: 223
falls to: 76
DUP1 
PUSH4 0x942ae0a7 
EQ 
PUSH2 0x00df 
JUMPI 
================
start address: 326
end address: 350
end statement type: falls_to
jump target: 0
falls to: 351
DUP1 
DUP3 
SUB 
DUP1 
MLOAD 
PUSH1 0x01 
DUP4 
PUSH1 0x20 
SUB 
PUSH2 0x0100 
EXP 
SUB 
NOT 
AND 
DUP2 
MSTORE 
PUSH1 0x20 
ADD 
SWAP2 
POP 
================
start address: 76
end address: 80
end statement type: terminal
jump target: 0
JUMPDEST 
PUSH1 0x00 
DUP1 
REVERT 
================
start address: 209
end address: 222
end statement type: terminal
jump target: 0
JUMPDEST 
POP 
SWAP3 
POP 
POP 
POP 
PUSH1 0x40 
MLOAD 
DUP1 
SWAP2 
SUB 
SWAP1 
RETURN 
================
start address: 88
end address: 91
end statement type: terminal
jump target: 0
PUSH1 0x00 
DUP1 
REVERT 
================
start address: 92
end address: 99
end statement type: unconditional
jump target: 365
JUMPDEST 
PUSH2 0x0064 
PUSH2 0x016d 
JUMP 
================
start address: 351
end address: 364
end statement type: terminal
jump target: 0
JUMPDEST 
POP 
SWAP3 
POP 
POP 
POP 
PUSH1 0x40 
MLOAD 
DUP1 
SWAP2 
SUB 
SWAP1 
RETURN 
================
start address: 100
end address: 135
end statement type: falls_to
jump target: 0
falls to: 137
JUMPDEST 
PUSH1 0x40 
MLOAD 
DUP1 
DUP1 
PUSH1 0x20 
ADD 
DUP3 
DUP2 
SUB 
DUP3 
MSTORE 
DUP4 
DUP2 
DUP2 
MLOAD 
DUP2 
MSTORE 
PUSH1 0x20 
ADD 
SWAP2 
POP 
DUP1 
MLOAD 
SWAP1 
PUSH1 0x20 
ADD 
SWAP1 
DUP1 
DUP4 
DUP4 
PUSH1 0x00 
================
start address: 230
end address: 233
end statement type: terminal
jump target: 0
PUSH1 0x00 
DUP1 
REVERT 
================
start address: 81
end address: 87
end statement type: conditional
jump target: 92
falls to: 88
JUMPDEST 
CALLVALUE 
ISZERO 
PUSH2 0x005c 
JUMPI 
================
start address: 234
end address: 241
end statement type: unconditional
jump target: 432
JUMPDEST 
PUSH2 0x00f2 
PUSH2 0x01b0 
JUMP 
================
start address: 365
end address: 372
end statement type: unconditional
jump target: 499
JUMPDEST 
PUSH2 0x0175 
PUSH2 0x01f3 
JUMP 
================
start address: 242
end address: 277
end statement type: falls_to
jump target: 0
falls to: 279
JUMPDEST 
PUSH1 0x40 
MLOAD 
DUP1 
DUP1 
PUSH1 0x20 
ADD 
DUP3 
DUP2 
SUB 
DUP3 
MSTORE 
DUP4 
DUP2 
DUP2 
MLOAD 
DUP2 
MSTORE 
PUSH1 0x20 
ADD 
SWAP2 
POP 
DUP1 
MLOAD 
SWAP1 
PUSH1 0x20 
ADD 
SWAP1 
DUP1 
DUP4 
DUP4 
PUSH1 0x00 
================
start address: 499
end address: 518
end statement type: unconditional
jump target: 440
JUMPDEST 
PUSH1 0x20 
PUSH1 0x40 
MLOAD 
SWAP1 
DUP2 
ADD 
PUSH1 0x40 
MSTORE 
DUP1 
PUSH1 0x00 
DUP2 
MSTORE 
POP 
SWAP1 
JUMP 
================
start address: 373
end address: 431
end statement type: unconditional
jump target: 100
JUMPDEST 
PUSH1 0x40 
DUP1 
MLOAD 
SWAP1 
DUP2 
ADD 
PUSH1 0x40 
MSTORE 
DUP1 
PUSH1 0x03 
DUP2 
MSTORE 
PUSH1 0x20 
ADD 
PUSH32 0x6279650000000000000000000000000000000000000000000000000000000000 
DUP2 
MSTORE 
POP 
SWAP1 
POP 
SWAP1 
JUMP 
