0
['PUSH1 0x60 ', 'PUSH1 0x40 ', 'MSTORE ', 'PUSH1 0x04 ', 'CALLDATASIZE ', 'LT ', 'PUSH1 0x3f ', 'JUMPI ']
Stack despues de la ejecucion de la instruccion PUSH1 0x60 
[96]
Stack despues de la ejecucion de la instruccion PUSH1 0x40 
[64, 96]
Stack despues de la ejecucion de la instruccion MSTORE 
[]
Stack despues de la ejecucion de la instruccion PUSH1 0x04 
[4]
Stack despues de la ejecucion de la instruccion CALLDATASIZE 
[Id_size, 4]
Stack despues de la ejecucion de la instruccion LT 
[If(ULE(4, Id_size), 0, 1)]
Stack despues de la ejecucion de la instruccion PUSH1 0x3f 
[63, If(ULE(4, Id_size), 0, 1)]
Stack despues de la ejecucion de la instruccion JUMPI 
[]
63
['JUMPDEST ', 'PUSH1 0x00 ', 'DUP1 ', 'REVERT ']
Stack despues de la ejecucion de la instruccion JUMPDEST 
[]
Stack despues de la ejecucion de la instruccion PUSH1 0x00 
[0]
Stack despues de la ejecucion de la instruccion DUP1 
[0, 0]
Stack despues de la ejecucion de la instruccion REVERT 
[]
12
['PUSH1 0x00 ', 'CALLDATALOAD ', 'PUSH29 0x0100000000000000000000000000000000000000000000000000000000 ', 'SWAP1 ', 'DIV ', 'PUSH4 0xffffffff ', 'AND ', 'DUP1 ', 'PUSH4 0x8f8a0d19 ', 'EQ ', 'PUSH1 0x44 ', 'JUMPI ']
Stack despues de la ejecucion de la instruccion PUSH1 0x00 
[0]
Stack despues de la ejecucion de la instruccion CALLDATALOAD 
[Id_1]
Stack despues de la ejecucion de la instruccion PUSH29 0x0100000000000000000000000000000000000000000000000000000000 
[26959946667150639794667015087019630673637144422540572481103610249216L, Id_1]
Stack despues de la ejecucion de la instruccion SWAP1 
[Id_1, 26959946667150639794667015087019630673637144422540572481103610249216L]
Stack despues de la ejecucion de la instruccion DIV 
[Concat(0, Extract(255, 224, Id_1))]
Stack despues de la ejecucion de la instruccion PUSH4 0xffffffff 
[4294967295, Concat(0, Extract(255, 224, Id_1))]
Stack despues de la ejecucion de la instruccion AND 
[Concat(0, Extract(255, 224, Id_1))]
Stack despues de la ejecucion de la instruccion DUP1 
[Concat(0, Extract(255, 224, Id_1)), Concat(0, Extract(255, 224, Id_1))]
Stack despues de la ejecucion de la instruccion PUSH4 0x8f8a0d19 
[2408189209, Concat(0, Extract(255, 224, Id_1)), Concat(0, Extract(255, 224, Id_1))]
Stack despues de la ejecucion de la instruccion EQ 
[If(Extract(255, 224, Id_1) == 2408189209, 1, 0), Concat(0, Extract(255, 224, Id_1))]
Stack despues de la ejecucion de la instruccion PUSH1 0x44 
[68, If(Extract(255, 224, Id_1) == 2408189209, 1, 0), Concat(0, Extract(255, 224, Id_1))]
Stack despues de la ejecucion de la instruccion JUMPI 
[Concat(0, Extract(255, 224, Id_1))]
68
['JUMPDEST ', 'CALLVALUE ', 'ISZERO ', 'PUSH1 0x4e ', 'JUMPI ']
Stack despues de la ejecucion de la instruccion JUMPDEST 
[Concat(0, Extract(255, 224, Id_1))]
Stack despues de la ejecucion de la instruccion CALLVALUE 
[Iv, Concat(0, Extract(255, 224, Id_1))]
Stack despues de la ejecucion de la instruccion ISZERO 
[If(Iv == 0, 1, 0), Concat(0, Extract(255, 224, Id_1))]
Stack despues de la ejecucion de la instruccion PUSH1 0x4e 
[78, If(Iv == 0, 1, 0), Concat(0, Extract(255, 224, Id_1))]
Stack despues de la ejecucion de la instruccion JUMPI 
[Concat(0, Extract(255, 224, Id_1))]
78
['JUMPDEST ', 'PUSH1 0x6b ', 'PUSH1 0x04 ', 'DUP1 ', 'DUP1 ', 'CALLDATALOAD ', 'SWAP1 ', 'PUSH1 0x20 ', 'ADD ', 'SWAP1 ', 'SWAP2 ', 'SWAP1 ', 'DUP1 ', 'CALLDATALOAD ', 'SWAP1 ', 'PUSH1 0x20 ', 'ADD ', 'SWAP1 ', 'SWAP2 ', 'SWAP1 ', 'POP ', 'POP ', 'PUSH1 0x81 ', 'JUMP ']
Stack despues de la ejecucion de la instruccion JUMPDEST 
[Concat(0, Extract(255, 224, Id_1))]
Stack despues de la ejecucion de la instruccion PUSH1 0x6b 
[107, Concat(0, Extract(255, 224, Id_1))]
Stack despues de la ejecucion de la instruccion PUSH1 0x04 
[4, 107, Concat(0, Extract(255, 224, Id_1))]
Stack despues de la ejecucion de la instruccion DUP1 
[4, 4, 107, Concat(0, Extract(255, 224, Id_1))]
Stack despues de la ejecucion de la instruccion DUP1 
[4, 4, 4, 107, Concat(0, Extract(255, 224, Id_1))]
Stack despues de la ejecucion de la instruccion CALLDATALOAD 
[a, 4, 4, 107, Concat(0, Extract(255, 224, Id_1))]
Stack despues de la ejecucion de la instruccion SWAP1 
[4, a, 4, 107, Concat(0, Extract(255, 224, Id_1))]
Stack despues de la ejecucion de la instruccion PUSH1 0x20 
[32, 4, a, 4, 107, Concat(0, Extract(255, 224, Id_1))]
Stack despues de la ejecucion de la instruccion ADD 
[36L, a, 4, 107, Concat(0, Extract(255, 224, Id_1))]
Stack despues de la ejecucion de la instruccion SWAP1 
[a, 36L, 4, 107, Concat(0, Extract(255, 224, Id_1))]
Stack despues de la ejecucion de la instruccion SWAP2 
[4, 36L, a, 107, Concat(0, Extract(255, 224, Id_1))]
Stack despues de la ejecucion de la instruccion SWAP1 
[36L, 4, a, 107, Concat(0, Extract(255, 224, Id_1))]
Stack despues de la ejecucion de la instruccion DUP1 
[36L, 36L, 4, a, 107, Concat(0, Extract(255, 224, Id_1))]
Stack despues de la ejecucion de la instruccion CALLDATALOAD 
[b, 36L, 4, a, 107, Concat(0, Extract(255, 224, Id_1))]
Stack despues de la ejecucion de la instruccion SWAP1 
[36L, b, 4, a, 107, Concat(0, Extract(255, 224, Id_1))]
Stack despues de la ejecucion de la instruccion PUSH1 0x20 
[32, 36L, b, 4, a, 107, Concat(0, Extract(255, 224, Id_1))]
Stack despues de la ejecucion de la instruccion ADD 
[68L, b, 4, a, 107, Concat(0, Extract(255, 224, Id_1))]
Stack despues de la ejecucion de la instruccion SWAP1 
[b, 68L, 4, a, 107, Concat(0, Extract(255, 224, Id_1))]
Stack despues de la ejecucion de la instruccion SWAP2 
[4, 68L, b, a, 107, Concat(0, Extract(255, 224, Id_1))]
Stack despues de la ejecucion de la instruccion SWAP1 
[68L, 4, b, a, 107, Concat(0, Extract(255, 224, Id_1))]
Stack despues de la ejecucion de la instruccion POP 
[4, b, a, 107, Concat(0, Extract(255, 224, Id_1))]
Stack despues de la ejecucion de la instruccion POP 
[b, a, 107, Concat(0, Extract(255, 224, Id_1))]
Stack despues de la ejecucion de la instruccion PUSH1 0x81 
[129, b, a, 107, Concat(0, Extract(255, 224, Id_1))]
Stack despues de la ejecucion de la instruccion JUMP 
[b, a, 107, Concat(0, Extract(255, 224, Id_1))]
129
['JUMPDEST ', 'PUSH1 0x00 ', 'DUP2 ', 'DUP4 ', 'ADD ', 'PUSH1 0x00 ', 'DUP2 ', 'SWAP1 ', 'SSTORE ', 'POP ', 'PUSH1 0x05 ', 'PUSH1 0x01 ', 'DUP2 ', 'SWAP1 ', 'SSTORE ', 'POP ', 'PUSH1 0x00 ', 'SLOAD ', 'SWAP1 ', 'POP ', 'SWAP3 ', 'SWAP2 ', 'POP ', 'POP ', 'JUMP ']
Stack despues de la ejecucion de la instruccion JUMPDEST 
[b, a, 107, Concat(0, Extract(255, 224, Id_1))]
Stack despues de la ejecucion de la instruccion PUSH1 0x00 
[0, b, a, 107, Concat(0, Extract(255, 224, Id_1))]
Stack despues de la ejecucion de la instruccion DUP2 
[b, 0, b, a, 107, Concat(0, Extract(255, 224, Id_1))]
Stack despues de la ejecucion de la instruccion DUP4 
[a, b, 0, b, a, 107, Concat(0, Extract(255, 224, Id_1))]
Stack despues de la ejecucion de la instruccion ADD 
[a + b, 0, b, a, 107, Concat(0, Extract(255, 224, Id_1))]
Stack despues de la ejecucion de la instruccion PUSH1 0x00 
[0, a + b, 0, b, a, 107, Concat(0, Extract(255, 224, Id_1))]
Stack despues de la ejecucion de la instruccion DUP2 
[a + b, 0, a + b, 0, b, a, 107, Concat(0, Extract(255, 224, Id_1))]
Stack despues de la ejecucion de la instruccion SWAP1 
[0, a + b, a + b, 0, b, a, 107, Concat(0, Extract(255, 224, Id_1))]
Stack despues de la ejecucion de la instruccion SSTORE 
[a + b, 0, b, a, 107, Concat(0, Extract(255, 224, Id_1))]
Stack despues de la ejecucion de la instruccion POP 
[0, b, a, 107, Concat(0, Extract(255, 224, Id_1))]
Stack despues de la ejecucion de la instruccion PUSH1 0x05 
[5, 0, b, a, 107, Concat(0, Extract(255, 224, Id_1))]
Stack despues de la ejecucion de la instruccion PUSH1 0x01 
[1, 5, 0, b, a, 107, Concat(0, Extract(255, 224, Id_1))]
Stack despues de la ejecucion de la instruccion DUP2 
[5, 1, 5, 0, b, a, 107, Concat(0, Extract(255, 224, Id_1))]
Stack despues de la ejecucion de la instruccion SWAP1 
[1, 5, 5, 0, b, a, 107, Concat(0, Extract(255, 224, Id_1))]
Stack despues de la ejecucion de la instruccion SSTORE 
[5, 0, b, a, 107, Concat(0, Extract(255, 224, Id_1))]
Stack despues de la ejecucion de la instruccion POP 
[0, b, a, 107, Concat(0, Extract(255, 224, Id_1))]
Stack despues de la ejecucion de la instruccion PUSH1 0x00 
[0, 0, b, a, 107, Concat(0, Extract(255, 224, Id_1))]
Stack despues de la ejecucion de la instruccion SLOAD 
[a + b, 0, b, a, 107, Concat(0, Extract(255, 224, Id_1))]
Stack despues de la ejecucion de la instruccion SWAP1 
[0, a + b, b, a, 107, Concat(0, Extract(255, 224, Id_1))]
Stack despues de la ejecucion de la instruccion POP 
[a + b, b, a, 107, Concat(0, Extract(255, 224, Id_1))]
Stack despues de la ejecucion de la instruccion SWAP3 
[107, b, a, a + b, Concat(0, Extract(255, 224, Id_1))]
Stack despues de la ejecucion de la instruccion SWAP2 
[a, b, 107, a + b, Concat(0, Extract(255, 224, Id_1))]
Stack despues de la ejecucion de la instruccion POP 
[b, 107, a + b, Concat(0, Extract(255, 224, Id_1))]
Stack despues de la ejecucion de la instruccion POP 
[107, a + b, Concat(0, Extract(255, 224, Id_1))]
Stack despues de la ejecucion de la instruccion JUMP 
[a + b, Concat(0, Extract(255, 224, Id_1))]
107
['JUMPDEST ', 'PUSH1 0x40 ', 'MLOAD ', 'DUP1 ', 'DUP3 ', 'DUP2 ', 'MSTORE ', 'PUSH1 0x20 ', 'ADD ', 'SWAP2 ', 'POP ', 'POP ', 'PUSH1 0x40 ', 'MLOAD ', 'DUP1 ', 'SWAP2 ', 'SUB ', 'SWAP1 ', 'RETURN ']
Stack despues de la ejecucion de la instruccion JUMPDEST 
[a + b, Concat(0, Extract(255, 224, Id_1))]
Stack despues de la ejecucion de la instruccion PUSH1 0x40 
[64, a + b, Concat(0, Extract(255, 224, Id_1))]
Stack despues de la ejecucion de la instruccion MLOAD 
[96, a + b, Concat(0, Extract(255, 224, Id_1))]
Stack despues de la ejecucion de la instruccion DUP1 
[96, 96, a + b, Concat(0, Extract(255, 224, Id_1))]
Stack despues de la ejecucion de la instruccion DUP3 
[a + b, 96, 96, a + b, Concat(0, Extract(255, 224, Id_1))]
Stack despues de la ejecucion de la instruccion DUP2 
[96, a + b, 96, 96, a + b, Concat(0, Extract(255, 224, Id_1))]
Stack despues de la ejecucion de la instruccion MSTORE 
[96, 96, a + b, Concat(0, Extract(255, 224, Id_1))]
Stack despues de la ejecucion de la instruccion PUSH1 0x20 
[32, 96, 96, a + b, Concat(0, Extract(255, 224, Id_1))]
Stack despues de la ejecucion de la instruccion ADD 
[128L, 96, a + b, Concat(0, Extract(255, 224, Id_1))]
Stack despues de la ejecucion de la instruccion SWAP2 
[a + b, 96, 128L, Concat(0, Extract(255, 224, Id_1))]
Stack despues de la ejecucion de la instruccion POP 
[96, 128L, Concat(0, Extract(255, 224, Id_1))]
Stack despues de la ejecucion de la instruccion POP 
[128L, Concat(0, Extract(255, 224, Id_1))]
Stack despues de la ejecucion de la instruccion PUSH1 0x40 
[64, 128L, Concat(0, Extract(255, 224, Id_1))]
Stack despues de la ejecucion de la instruccion MLOAD 
[96, 128L, Concat(0, Extract(255, 224, Id_1))]
Stack despues de la ejecucion de la instruccion DUP1 
[96, 96, 128L, Concat(0, Extract(255, 224, Id_1))]
Stack despues de la ejecucion de la instruccion SWAP2 
[128L, 96, 96, Concat(0, Extract(255, 224, Id_1))]
Stack despues de la ejecucion de la instruccion SUB 
[32L, 96, Concat(0, Extract(255, 224, Id_1))]
Stack despues de la ejecucion de la instruccion SWAP1 
[96, 32L, Concat(0, Extract(255, 224, Id_1))]
Stack despues de la ejecucion de la instruccion RETURN 
[Concat(0, Extract(255, 224, Id_1))]
74
['PUSH1 0x00 ', 'DUP1 ', 'REVERT ']
Stack despues de la ejecucion de la instruccion PUSH1 0x00 
[0, Concat(0, Extract(255, 224, Id_1))]
Stack despues de la ejecucion de la instruccion DUP1 
[0, 0, Concat(0, Extract(255, 224, Id_1))]
Stack despues de la ejecucion de la instruccion REVERT 
[Concat(0, Extract(255, 224, Id_1))]
63
['JUMPDEST ', 'PUSH1 0x00 ', 'DUP1 ', 'REVERT ']
Stack despues de la ejecucion de la instruccion JUMPDEST 
[Concat(0, Extract(255, 224, Id_1))]
Stack despues de la ejecucion de la instruccion PUSH1 0x00 
[0, Concat(0, Extract(255, 224, Id_1))]
Stack despues de la ejecucion de la instruccion DUP1 
[0, 0, Concat(0, Extract(255, 224, Id_1))]
Stack despues de la ejecucion de la instruccion REVERT 
[Concat(0, Extract(255, 224, Id_1))]
================
start address: 0
end address: 11
end statement type: conditional
jump target: 63
falls to: 12
PUSH1 0x60 
PUSH1 0x40 
MSTORE 
PUSH1 0x04 
CALLDATASIZE 
LT 
PUSH1 0x3f 
JUMPI 
================
start address: 129
end address: 158
end statement type: unconditional
jump target: 107
JUMPDEST 
PUSH1 0x00 
DUP2 
DUP4 
ADD 
PUSH1 0x00 
DUP2 
SWAP1 
SSTORE 
POP 
PUSH1 0x05 
PUSH1 0x01 
DUP2 
SWAP1 
SSTORE 
POP 
PUSH1 0x00 
SLOAD 
SWAP1 
POP 
SWAP3 
SWAP2 
POP 
POP 
JUMP 
================
start address: 68
end address: 73
end statement type: conditional
jump target: 78
falls to: 74
JUMPDEST 
CALLVALUE 
ISZERO 
PUSH1 0x4e 
JUMPI 
================
start address: 74
end address: 77
end statement type: terminal
jump target: 
PUSH1 0x00 
DUP1 
REVERT 
================
start address: 107
end address: 128
end statement type: terminal
jump target: 
JUMPDEST 
PUSH1 0x40 
MLOAD 
DUP1 
DUP3 
DUP2 
MSTORE 
PUSH1 0x20 
ADD 
SWAP2 
POP 
POP 
PUSH1 0x40 
MLOAD 
DUP1 
SWAP2 
SUB 
SWAP1 
RETURN 
================
start address: 12
end address: 62
end statement type: conditional
jump target: 68
falls to: 63
PUSH1 0x00 
CALLDATALOAD 
PUSH29 0x0100000000000000000000000000000000000000000000000000000000 
SWAP1 
DIV 
PUSH4 0xffffffff 
AND 
DUP1 
PUSH4 0x8f8a0d19 
EQ 
PUSH1 0x44 
JUMPI 
================
start address: 78
end address: 106
end statement type: unconditional
jump target: 129
JUMPDEST 
PUSH1 0x6b 
PUSH1 0x04 
DUP1 
DUP1 
CALLDATALOAD 
SWAP1 
PUSH1 0x20 
ADD 
SWAP1 
SWAP2 
SWAP1 
DUP1 
CALLDATALOAD 
SWAP1 
PUSH1 0x20 
ADD 
SWAP1 
SWAP2 
SWAP1 
POP 
POP 
PUSH1 0x81 
JUMP 
================
start address: 63
end address: 67
end statement type: terminal
jump target: 
JUMPDEST 
PUSH1 0x00 
DUP1 
REVERT 
================
start address: 159
end address: 159
end statement type: terminal
jump target: 
STOP 
